<?xml version="1.0" encoding="UTF-8"?>
<testsuite name="com.tdd.concert.domain.user.component.UserManagerTest" tests="5" skipped="0" failures="0" errors="0" timestamp="2024-04-18T14:25:03" hostname="Jeongui-MacBookPro.local" time="0.069">
  <properties/>
  <testcase name="포인트 충전하다" classname="com.tdd.concert.domain.user.component.UserManagerTest" time="0.046"/>
  <testcase name="0원을 충전하는 경우 오류 발생" classname="com.tdd.concert.domain.user.component.UserManagerTest" time="0.002"/>
  <testcase name="포인트 사용하다." classname="com.tdd.concert.domain.user.component.UserManagerTest" time="0.003"/>
  <testcase name="현재 잔액보다 많은 포인트를 사용하는 경우 오류발생." classname="com.tdd.concert.domain.user.component.UserManagerTest" time="0.008"/>
  <testcase name="0원미만의 포인트를 사용하는 경우 오류발생." classname="com.tdd.concert.domain.user.component.UserManagerTest" time="0.003"/>
  <system-out><![CDATA[]]></system-out>
  <system-err><![CDATA[]]></system-err>
</testsuite>
