<?xml version="1.0" encoding="UTF-8"?>
<testsuite name="com.tdd.concert.domain.seat.component.SeatValidatorTest" tests="3" skipped="0" failures="0" errors="0" timestamp="2024-04-25T15:52:43" hostname="Jeongui-MacBookPro.local" time="0.014">
  <properties/>
  <testcase name="임시배정이 되지 않은 좌석은 정상 통과." classname="com.tdd.concert.domain.seat.component.SeatValidatorTest" time="0.002"/>
  <testcase name="이미 임시배정된 좌석을 다시 임시배정하는 경우 오류발생." classname="com.tdd.concert.domain.seat.component.SeatValidatorTest" time="0.004"/>
  <testcase name="이미 판매완료된 좌석을 다시 임시배정하는 경우 오류발생." classname="com.tdd.concert.domain.seat.component.SeatValidatorTest" time="0.004"/>
  <system-out><![CDATA[2024-04-26T00:52:43.342+09:00  INFO 10370 --- [concert-dev] [    Test worker] c.t.c.d.seat.component.SeatValidator     : [SeatValidator] 좌석 validate 메서드 진입
2024-04-26T00:52:43.342+09:00  INFO 10370 --- [concert-dev] [    Test worker] c.t.c.d.seat.component.SeatValidator     : [SeatValidator] 좌석 validate 메서드 끝
2024-04-26T00:52:43.347+09:00  INFO 10370 --- [concert-dev] [    Test worker] c.t.c.d.seat.component.SeatValidator     : [SeatValidator] 좌석 validate 메서드 진입
2024-04-26T00:52:43.353+09:00  INFO 10370 --- [concert-dev] [    Test worker] c.t.c.d.seat.component.SeatValidator     : [SeatValidator] 좌석 validate 메서드 진입
]]></system-out>
  <system-err><![CDATA[]]></system-err>
</testsuite>
