<?xml version="1.0" encoding="UTF-8"?>
<testsuite name="com.tdd.concert.domain.concert.component.ConcertReaderTest" tests="4" skipped="0" failures="0" errors="0" timestamp="2024-04-18T14:25:02" hostname="Jeongui-MacBookPro.local" time="0.234">
  <properties/>
  <testcase name="콘서트 예약가능일자 조회하기" classname="com.tdd.concert.domain.concert.component.ConcertReaderTest" time="0.203"/>
  <testcase name="존재하지 않는 콘서트 아이디로 조회하기" classname="com.tdd.concert.domain.concert.component.ConcertReaderTest" time="0.007"/>
  <testcase name="특정날짜 콘서트의 예약 가능죄석 조회하기" classname="com.tdd.concert.domain.concert.component.ConcertReaderTest" time="0.005"/>
  <testcase name="예약가능한 좌석이 존재하지 않는 경우" classname="com.tdd.concert.domain.concert.component.ConcertReaderTest" time="0.005"/>
  <system-out><![CDATA[]]></system-out>
  <system-err><![CDATA[]]></system-err>
</testsuite>
