<?xml version="1.0" encoding="UTF-8"?>
<testsuite name="com.tdd.concert.api.usecase.ConcertDateIntegrationTest" tests="2" skipped="0" failures="0" errors="0" timestamp="2024-04-18T14:25:01" hostname="Jeongui-MacBookPro.local" time="0.05">
  <properties/>
  <testcase name="예약가능한 콘서트 날짜 조회" classname="com.tdd.concert.api.usecase.ConcertDateIntegrationTest" time="0.027"/>
  <testcase name="예약가능한 콘서트 날짜 조회" classname="com.tdd.concert.api.usecase.ConcertDateIntegrationTest" time="0.022"/>
  <system-out><![CDATA[2024-04-18T23:25:01.421+09:00  INFO 4019 --- [concert] [    Test worker] t.c.s.AnnotationConfigContextLoaderUtils : Could not detect default configuration classes for test class [com.tdd.concert.api.usecase.ConcertDateIntegrationTest]: ConcertDateIntegrationTest does not declare any static, non-private, non-final, nested classes annotated with @Configuration.
2024-04-18T23:25:01.422+09:00  INFO 4019 --- [concert] [    Test worker] .b.t.c.SpringBootTestContextBootstrapper : Found @SpringBootConfiguration com.tdd.concert.ConcertApplication for test class com.tdd.concert.api.usecase.ConcertDateIntegrationTest
Hibernate: insert into concert (name,singer) values (?,?)
Hibernate: insert into concert_schedule (concert_id,concert_date) values (?,?)
Hibernate: insert into concert_schedule (concert_id,concert_date) values (?,?)
Hibernate: insert into concert_schedule (concert_id,concert_date) values (?,?)
Hibernate: insert into concert_schedule (concert_id,concert_date) values (?,?)
Hibernate: insert into concert_schedule (concert_id,concert_date) values (?,?)
Hibernate: select cs1_0.concert_date from concert_schedule cs1_0 join concert c1_0 on c1_0.concert_id=cs1_0.concert_id where c1_0.concert_id=?
Hibernate: insert into concert (name,singer) values (?,?)
Hibernate: insert into concert_schedule (concert_id,concert_date) values (?,?)
Hibernate: insert into concert_schedule (concert_id,concert_date) values (?,?)
Hibernate: insert into concert_schedule (concert_id,concert_date) values (?,?)
Hibernate: insert into concert_schedule (concert_id,concert_date) values (?,?)
Hibernate: insert into concert_schedule (concert_id,concert_date) values (?,?)
Hibernate: select cs1_0.concert_date from concert_schedule cs1_0 join concert c1_0 on c1_0.concert_id=cs1_0.concert_id where c1_0.concert_id=?
]]></system-out>
  <system-err><![CDATA[]]></system-err>
</testsuite>
