<?xml version="1.0" encoding="UTF-8"?>
<testsuite name="com.tdd.concert.domain.seat.component.SeatManagerTest" tests="1" skipped="0" failures="0" errors="0" timestamp="2024-04-27T15:50:19" hostname="Jeongui-MacBookPro.local" time="0.161">
  <properties/>
  <testcase name="좌석을 임시배정한다." classname="com.tdd.concert.domain.seat.component.SeatManagerTest" time="0.161"/>
  <system-out><![CDATA[2024-04-28T00:50:19.592+09:00  INFO 6651 --- [concert-dev] [    Test worker] c.t.c.domain.seat.component.SeatManager  : [SeatManager] 좌석 occupy 메서드 진입
2024-04-28T00:50:19.592+09:00  INFO 6651 --- [concert-dev] [    Test worker] c.t.c.domain.seat.component.SeatManager  : [SeatManager] 좌석 비관적락으로 조회 완료
2024-04-28T00:50:19.594+09:00  INFO 6651 --- [concert-dev] [    Test worker] c.t.c.domain.seat.component.SeatManager  : [SeatManager] 좌석 검증처리 완료
2024-04-28T00:50:19.594+09:00  INFO 6651 --- [concert-dev] [    Test worker] com.tdd.concert.domain.seat.model.Seat   : [Seat 엔티티 내부] tempOccupy 메서드 진입
2024-04-28T00:50:19.595+09:00  INFO 6651 --- [concert-dev] [    Test worker] com.tdd.concert.domain.seat.model.Seat   : [Seat 엔티티 내부] tempOccupy 메서드 완료
2024-04-28T00:50:19.595+09:00  INFO 6651 --- [concert-dev] [    Test worker] c.t.c.domain.seat.component.SeatManager  : [SeatManager] 좌석 tempOccupy 완료
]]></system-out>
  <system-err><![CDATA[]]></system-err>
</testsuite>
