<?xml version="1.0" encoding="UTF-8"?>
<testsuite name="com.tdd.concert.api.usecase.ConcertDateIntegrationTest" tests="2" skipped="0" failures="0" errors="0" timestamp="2024-04-27T15:50:18" hostname="Jeongui-MacBookPro.local" time="0.039">
  <properties/>
  <testcase name="예약가능한 콘서트 날짜 조회" classname="com.tdd.concert.api.usecase.ConcertDateIntegrationTest" time="0.022"/>
  <testcase name="예약가능한 콘서트 날짜 조회" classname="com.tdd.concert.api.usecase.ConcertDateIntegrationTest" time="0.015"/>
  <system-out><![CDATA[2024-04-28T00:50:18.324+09:00  INFO 6651 --- [concert-dev] [    Test worker] t.c.s.AnnotationConfigContextLoaderUtils : Could not detect default configuration classes for test class [com.tdd.concert.api.usecase.ConcertDateIntegrationTest]: ConcertDateIntegrationTest does not declare any static, non-private, non-final, nested classes annotated with @Configuration.
2024-04-28T00:50:18.326+09:00  INFO 6651 --- [concert-dev] [    Test worker] .b.t.c.SpringBootTestContextBootstrapper : Found @SpringBootConfiguration com.tdd.concert.ConcertApplication for test class com.tdd.concert.api.usecase.ConcertDateIntegrationTest
Hibernate: 
    insert 
    into
        concert
        (name, singer, concert_id) 
    values
        (?, ?, default)
Hibernate: 
    insert 
    into
        concert_schedule
        (concert_id, concert_date, concert_schedule_id) 
    values
        (?, ?, default)
Hibernate: 
    insert 
    into
        concert_schedule
        (concert_id, concert_date, concert_schedule_id) 
    values
        (?, ?, default)
Hibernate: 
    insert 
    into
        concert_schedule
        (concert_id, concert_date, concert_schedule_id) 
    values
        (?, ?, default)
Hibernate: 
    insert 
    into
        concert_schedule
        (concert_id, concert_date, concert_schedule_id) 
    values
        (?, ?, default)
Hibernate: 
    insert 
    into
        concert_schedule
        (concert_id, concert_date, concert_schedule_id) 
    values
        (?, ?, default)
Hibernate: 
    select
        cs1_0.concert_date 
    from
        concert_schedule cs1_0 
    join
        concert c1_0 
            on c1_0.concert_id=cs1_0.concert_id 
    where
        c1_0.concert_id=?
Hibernate: 
    insert 
    into
        concert
        (name, singer, concert_id) 
    values
        (?, ?, default)
Hibernate: 
    insert 
    into
        concert_schedule
        (concert_id, concert_date, concert_schedule_id) 
    values
        (?, ?, default)
Hibernate: 
    insert 
    into
        concert_schedule
        (concert_id, concert_date, concert_schedule_id) 
    values
        (?, ?, default)
Hibernate: 
    insert 
    into
        concert_schedule
        (concert_id, concert_date, concert_schedule_id) 
    values
        (?, ?, default)
Hibernate: 
    insert 
    into
        concert_schedule
        (concert_id, concert_date, concert_schedule_id) 
    values
        (?, ?, default)
Hibernate: 
    insert 
    into
        concert_schedule
        (concert_id, concert_date, concert_schedule_id) 
    values
        (?, ?, default)
Hibernate: 
    select
        cs1_0.concert_date 
    from
        concert_schedule cs1_0 
    join
        concert c1_0 
            on c1_0.concert_id=cs1_0.concert_id 
    where
        c1_0.concert_id=?
]]></system-out>
  <system-err><![CDATA[]]></system-err>
</testsuite>
