<?xml version="1.0" encoding="UTF-8"?>
<testsuite name="com.tdd.concert.domain.token.component.TokenManagerTest" tests="1" skipped="0" failures="0" errors="0" timestamp="2024-04-18T14:25:03" hostname="Jeongui-MacBookPro.local" time="0.085">
  <properties/>
  <testcase name="사용자를 대기열에 추가하기" classname="com.tdd.concert.domain.token.component.TokenManagerTest" time="0.085"/>
  <system-out><![CDATA[]]></system-out>
  <system-err><![CDATA[]]></system-err>
</testsuite>
