<?xml version="1.0" encoding="UTF-8"?>
<testsuite name="com.tdd.concert.domain.seat.component.SeatValidatorTest" tests="3" skipped="0" failures="0" errors="0" timestamp="2024-04-27T15:50:19" hostname="Jeongui-MacBookPro.local" time="0.011">
  <properties/>
  <testcase name="임시배정이 되지 않은 좌석은 정상 통과." classname="com.tdd.concert.domain.seat.component.SeatValidatorTest" time="0.003"/>
  <testcase name="이미 임시배정된 좌석을 다시 임시배정하는 경우 오류발생." classname="com.tdd.concert.domain.seat.component.SeatValidatorTest" time="0.003"/>
  <testcase name="이미 판매완료된 좌석을 다시 임시배정하는 경우 오류발생." classname="com.tdd.concert.domain.seat.component.SeatValidatorTest" time="0.002"/>
  <system-out><![CDATA[2024-04-28T00:50:19.618+09:00  INFO 6651 --- [concert-dev] [    Test worker] c.t.c.d.seat.component.SeatValidator     : [SeatValidator] 좌석 validate 메서드 진입
2024-04-28T00:50:19.618+09:00  INFO 6651 --- [concert-dev] [    Test worker] c.t.c.d.seat.component.SeatValidator     : [SeatValidator] 좌석 validate 메서드 끝
2024-04-28T00:50:19.622+09:00  INFO 6651 --- [concert-dev] [    Test worker] c.t.c.d.seat.component.SeatValidator     : [SeatValidator] 좌석 validate 메서드 진입
2024-04-28T00:50:19.626+09:00  INFO 6651 --- [concert-dev] [    Test worker] c.t.c.d.seat.component.SeatValidator     : [SeatValidator] 좌석 validate 메서드 진입
]]></system-out>
  <system-err><![CDATA[]]></system-err>
</testsuite>
