<?xml version="1.0" encoding="UTF-8"?>
<testsuite name="com.tdd.concert.payment.component.PaymentManagerTest" tests="1" skipped="0" failures="0" errors="0" timestamp="2024-04-16T14:42:15" hostname="Jeongui-MacBookPro.local" time="1.227">
  <properties/>
  <testcase name="결제내역 저장" classname="com.tdd.concert.payment.component.PaymentManagerTest" time="1.227"/>
  <system-out><![CDATA[]]></system-out>
  <system-err><![CDATA[]]></system-err>
</testsuite>
