<?xml version="1.0" encoding="UTF-8"?>
<testsuite name="com.tdd.concert.api.usecase.GetPointIntegrationTest" tests="2" skipped="0" failures="0" errors="0" timestamp="2024-04-18T14:25:01" hostname="Jeongui-MacBookPro.local" time="0.021">
  <properties/>
  <testcase name="유저의 포인트를 조회한다" classname="com.tdd.concert.api.usecase.GetPointIntegrationTest" time="0.012"/>
  <testcase name="존재하지 않는 유저의 포인트 조회" classname="com.tdd.concert.api.usecase.GetPointIntegrationTest" time="0.008"/>
  <system-out><![CDATA[2024-04-18T23:25:01.477+09:00  INFO 4019 --- [concert] [    Test worker] t.c.s.AnnotationConfigContextLoaderUtils : Could not detect default configuration classes for test class [com.tdd.concert.api.usecase.GetPointIntegrationTest]: GetPointIntegrationTest does not declare any static, non-private, non-final, nested classes annotated with @Configuration.
2024-04-18T23:25:01.478+09:00  INFO 4019 --- [concert] [    Test worker] .b.t.c.SpringBootTestContextBootstrapper : Found @SpringBootConfiguration com.tdd.concert.ConcertApplication for test class com.tdd.concert.api.usecase.GetPointIntegrationTest
Hibernate: insert into user (point,token) values (?,?)
Hibernate: select u1_0.user_id,u1_0.point,u1_0.token from user u1_0 where u1_0.user_id=?
Hibernate: update user set point=?,token=? where user_id=?
Hibernate: select u1_0.user_id,u1_0.point,u1_0.token from user u1_0 where u1_0.user_id=?
Hibernate: insert into user (point,token) values (?,?)
Hibernate: select u1_0.user_id,u1_0.point,u1_0.token from user u1_0 where u1_0.user_id=?
]]></system-out>
  <system-err><![CDATA[]]></system-err>
</testsuite>
