<?xml version="1.0" encoding="UTF-8"?>
<testsuite name="com.tdd.concert.api.usecase.ChargePointIntegrationTest" tests="3" skipped="0" failures="0" errors="0" timestamp="2024-04-27T15:50:15" hostname="Jeongui-MacBookPro.local" time="0.958">
  <properties/>
  <testcase name="포인트 충전" classname="com.tdd.concert.api.usecase.ChargePointIntegrationTest" time="0.935"/>
  <testcase name="포인트를 0원 충전하면 오류발생" classname="com.tdd.concert.api.usecase.ChargePointIntegrationTest" time="0.012"/>
  <testcase name="포인트가 음수인 경우 오류발생" classname="com.tdd.concert.api.usecase.ChargePointIntegrationTest" time="0.007"/>
  <system-out><![CDATA[00:50:08.678 [Test worker] INFO org.springframework.test.context.support.AnnotationConfigContextLoaderUtils -- Could not detect default configuration classes for test class [com.tdd.concert.api.usecase.ChargePointIntegrationTest]: ChargePointIntegrationTest does not declare any static, non-private, non-final, nested classes annotated with @Configuration.
00:50:08.844 [Test worker] INFO org.springframework.boot.test.context.SpringBootTestContextBootstrapper -- Found @SpringBootConfiguration com.tdd.concert.ConcertApplication for test class com.tdd.concert.api.usecase.ChargePointIntegrationTest

  .   ____          _            __ _ _
 /\\ / ___'_ __ _ _(_)_ __  __ _ \ \ \ \
( ( )\___ | '_ | '_| | '_ \/ _` | \ \ \ \
 \\/  ___)| |_)| | | | | || (_| |  ) ) ) )
  '  |____| .__|_| |_|_| |_\__, | / / / /
 =========|_|==============|___/=/_/_/_/
 :: Spring Boot ::                (v3.2.4)

2024-04-28T00:50:09.361+09:00  INFO 6651 --- [concert-dev] [    Test worker] c.t.c.a.u.ChargePointIntegrationTest     : Starting ChargePointIntegrationTest using Java 17.0.10 with PID 6651 (started by jeonghokang in /Users/jeonghokang/IdeaProjects/hhplus/week3)
2024-04-28T00:50:09.363+09:00  INFO 6651 --- [concert-dev] [    Test worker] c.t.c.a.u.ChargePointIntegrationTest     : The following 1 profile is active: "dev"
2024-04-28T00:50:10.242+09:00  INFO 6651 --- [concert-dev] [    Test worker] .s.d.r.c.RepositoryConfigurationDelegate : Bootstrapping Spring Data JPA repositories in DEFAULT mode.
2024-04-28T00:50:10.346+09:00  INFO 6651 --- [concert-dev] [    Test worker] .s.d.r.c.RepositoryConfigurationDelegate : Finished Spring Data repository scanning in 96 ms. Found 8 JPA repository interfaces.
2024-04-28T00:50:10.883+09:00  INFO 6651 --- [concert-dev] [    Test worker] o.hibernate.jpa.internal.util.LogHelper  : HHH000204: Processing PersistenceUnitInfo [name: default]
2024-04-28T00:50:10.944+09:00  INFO 6651 --- [concert-dev] [    Test worker] org.hibernate.Version                    : HHH000412: Hibernate ORM core version 6.4.4.Final
2024-04-28T00:50:10.984+09:00  INFO 6651 --- [concert-dev] [    Test worker] o.h.c.internal.RegionFactoryInitiator    : HHH000026: Second-level cache disabled
2024-04-28T00:50:11.321+09:00  INFO 6651 --- [concert-dev] [    Test worker] o.s.o.j.p.SpringPersistenceUnitInfo      : No LoadTimeWeaver setup: ignoring JPA class transformer
2024-04-28T00:50:11.355+09:00  INFO 6651 --- [concert-dev] [    Test worker] com.zaxxer.hikari.HikariDataSource       : HikariPool-1 - Starting...
2024-04-28T00:50:11.599+09:00  INFO 6651 --- [concert-dev] [    Test worker] com.zaxxer.hikari.pool.HikariPool        : HikariPool-1 - Added connection conn0: url=jdbc:h2:mem:testdb user=SA
2024-04-28T00:50:11.601+09:00  INFO 6651 --- [concert-dev] [    Test worker] com.zaxxer.hikari.HikariDataSource       : HikariPool-1 - Start completed.
2024-04-28T00:50:12.849+09:00  INFO 6651 --- [concert-dev] [    Test worker] o.h.e.t.j.p.i.JtaPlatformInitiator       : HHH000489: No JTA platform available (set 'hibernate.transaction.jta.platform' to enable JTA platform integration)
Hibernate: 
    drop table if exists concert cascade 
Hibernate: 
    drop table if exists concert_schedule cascade 
Hibernate: 
    drop table if exists payment cascade 
Hibernate: 
    drop table if exists point_history cascade 
Hibernate: 
    drop table if exists reservation cascade 
Hibernate: 
    drop table if exists seat cascade 
Hibernate: 
    drop table if exists token cascade 
Hibernate: 
    drop table if exists user cascade 
Hibernate: 
    create table concert (
        concert_id bigint generated by default as identity,
        name varchar(255),
        singer varchar(255),
        primary key (concert_id)
    )
Hibernate: 
    create table concert_schedule (
        concert_date date,
        concert_id bigint,
        concert_schedule_id bigint generated by default as identity,
        primary key (concert_schedule_id)
    )
Hibernate: 
    create table payment (
        pay_amount integer,
        created_at timestamp(6),
        payment_id bigint generated by default as identity,
        reservation_id bigint unique,
        user_id bigint,
        primary key (payment_id)
    )
Hibernate: 
    create table point_history (
        amount integer,
        point_rscd tinyint check (point_rscd between 0 and 1),
        created_at timestamp(6),
        point_history_id bigint generated by default as identity,
        user_id bigint,
        primary key (point_history_id)
    )
Hibernate: 
    create table reservation (
        reservation_date date,
        reservation_status tinyint check (reservation_status between 0 and 2),
        concert_id bigint,
        reservation_id bigint generated by default as identity,
        seat_id bigint unique,
        user_id bigint,
        primary key (reservation_id)
    )
Hibernate: 
    create table seat (
        price integer,
        seat_status tinyint check (seat_status between 0 and 2),
        concert_id bigint,
        concert_schedule_id bigint,
        seat_id bigint generated by default as identity,
        seat_no bigint,
        temp_reserved_expired_at timestamp(6),
        temp_reserved_user_id bigint,
        primary key (seat_id)
    )
Hibernate: 
    create table token (
        progress_status tinyint check (progress_status between 0 and 3),
        created_at timestamp(6),
        expired_at timestamp(6),
        token_id bigint generated by default as identity,
        updated_at timestamp(6),
        user_id bigint,
        wait_no bigint,
        token varchar(255),
        primary key (token_id)
    )
Hibernate: 
    create table user (
        point integer,
        user_id bigint generated by default as identity,
        token varchar(255),
        primary key (user_id)
    )
Hibernate: 
    alter table if exists concert_schedule 
       add constraint FK3ry7aiaia6ooa3ajwf6w6soci 
       foreign key (concert_id) 
       references concert
Hibernate: 
    alter table if exists payment 
       add constraint FKrewpj5f9v9xehy4ga8g221nw1 
       foreign key (reservation_id) 
       references reservation
Hibernate: 
    alter table if exists payment 
       add constraint FK4spfnm9si9dowsatcqs5or42i 
       foreign key (user_id) 
       references user
Hibernate: 
    alter table if exists point_history 
       add constraint FK9yptgx9qhcp768sokuopwxncm 
       foreign key (user_id) 
       references user
Hibernate: 
    alter table if exists reservation 
       add constraint FKjnsh2q045ch4uso5vnb0477dq 
       foreign key (concert_id) 
       references concert
Hibernate: 
    alter table if exists reservation 
       add constraint FKewd3sohjspqf2sjjvdcmcefpb 
       foreign key (seat_id) 
       references seat
Hibernate: 
    alter table if exists reservation 
       add constraint FKm4oimk0l1757o9pwavorj6ljg 
       foreign key (user_id) 
       references user
Hibernate: 
    alter table if exists seat 
       add constraint FKg0ccmmdn3894408ig1rdcgm9g 
       foreign key (concert_id) 
       references concert
Hibernate: 
    alter table if exists seat 
       add constraint FKjtsoupodivwr6xa4vk02e2qol 
       foreign key (concert_schedule_id) 
       references concert_schedule
Hibernate: 
    alter table if exists token 
       add constraint FKe32ek7ixanakfqsdaokm4q9y2 
       foreign key (user_id) 
       references user
2024-04-28T00:50:12.956+09:00  INFO 6651 --- [concert-dev] [    Test worker] j.LocalContainerEntityManagerFactoryBean : Initialized JPA EntityManagerFactory for persistence unit 'default'
2024-04-28T00:50:13.282+09:00  INFO 6651 --- [concert-dev] [    Test worker] o.s.d.j.r.query.QueryEnhancerFactory     : Hibernate is in classpath; If applicable, HQL parser will be used.
2024-04-28T00:50:14.794+09:00  WARN 6651 --- [concert-dev] [    Test worker] JpaBaseConfiguration$JpaWebConfiguration : spring.jpa.open-in-view is enabled by default. Therefore, database queries may be performed during view rendering. Explicitly configure spring.jpa.open-in-view to disable this warning
2024-04-28T00:50:15.490+09:00  INFO 6651 --- [concert-dev] [    Test worker] c.t.c.a.u.ChargePointIntegrationTest     : Started ChargePointIntegrationTest in 6.468 seconds (process running for 7.95)
Hibernate: 
    insert 
    into
        user
        (point, token, user_id) 
    values
        (?, ?, default)
Hibernate: 
    select
        u1_0.user_id,
        u1_0.point,
        u1_0.token 
    from
        user u1_0 
    where
        u1_0.user_id=?
Hibernate: 
    update
        user 
    set
        point=?,
        token=? 
    where
        user_id=?
Hibernate: 
    insert 
    into
        point_history
        (amount, created_at, point_rscd, user_id, point_history_id) 
    values
        (?, ?, ?, ?, default)
Hibernate: 
    insert 
    into
        user
        (point, token, user_id) 
    values
        (?, ?, default)
Hibernate: 
    insert 
    into
        user
        (point, token, user_id) 
    values
        (?, ?, default)
]]></system-out>
  <system-err><![CDATA[]]></system-err>
</testsuite>
