<?xml version="1.0" encoding="UTF-8"?>
<testsuite name="com.tdd.concert.api.usecase.SeatNoIntegrationTest" tests="2" skipped="0" failures="0" errors="0" timestamp="2024-04-18T14:25:01" hostname="Jeongui-MacBookPro.local" time="0.039">
  <properties/>
  <testcase name="예약가능한 좌석 정보 조회" classname="com.tdd.concert.api.usecase.SeatNoIntegrationTest" time="0.019"/>
  <testcase name="예약가능한 좌석이 없는 경우" classname="com.tdd.concert.api.usecase.SeatNoIntegrationTest" time="0.019"/>
  <system-out><![CDATA[2024-04-18T23:25:01.953+09:00  INFO 4019 --- [concert] [    Test worker] t.c.s.AnnotationConfigContextLoaderUtils : Could not detect default configuration classes for test class [com.tdd.concert.api.usecase.SeatNoIntegrationTest]: SeatNoIntegrationTest does not declare any static, non-private, non-final, nested classes annotated with @Configuration.
2024-04-18T23:25:01.954+09:00  INFO 4019 --- [concert] [    Test worker] .b.t.c.SpringBootTestContextBootstrapper : Found @SpringBootConfiguration com.tdd.concert.ConcertApplication for test class com.tdd.concert.api.usecase.SeatNoIntegrationTest
Hibernate: insert into concert (name,singer) values (?,?)
Hibernate: insert into concert_schedule (concert_id,concert_date) values (?,?)
Hibernate: insert into seat (concert_id,concert_schedule_id,price,seat_no,seat_status,temp_reserved_expired_at,temp_reserved_user_id) values (?,?,?,?,?,?,?)
Hibernate: insert into seat (concert_id,concert_schedule_id,price,seat_no,seat_status,temp_reserved_expired_at,temp_reserved_user_id) values (?,?,?,?,?,?,?)
Hibernate: insert into seat (concert_id,concert_schedule_id,price,seat_no,seat_status,temp_reserved_expired_at,temp_reserved_user_id) values (?,?,?,?,?,?,?)
Hibernate: insert into seat (concert_id,concert_schedule_id,price,seat_no,seat_status,temp_reserved_expired_at,temp_reserved_user_id) values (?,?,?,?,?,?,?)
Hibernate: insert into seat (concert_id,concert_schedule_id,price,seat_no,seat_status,temp_reserved_expired_at,temp_reserved_user_id) values (?,?,?,?,?,?,?)
Hibernate: select s1_0.seat_no from seat s1_0 join concert_schedule cs1_0 on cs1_0.concert_schedule_id=s1_0.concert_schedule_id where cs1_0.concert_id=? and cs1_0.concert_date=? and s1_0.seat_status=? order by s1_0.seat_no
Hibernate: insert into concert (name,singer) values (?,?)
Hibernate: insert into concert_schedule (concert_id,concert_date) values (?,?)
Hibernate: insert into seat (concert_id,concert_schedule_id,price,seat_no,seat_status,temp_reserved_expired_at,temp_reserved_user_id) values (?,?,?,?,?,?,?)
Hibernate: insert into seat (concert_id,concert_schedule_id,price,seat_no,seat_status,temp_reserved_expired_at,temp_reserved_user_id) values (?,?,?,?,?,?,?)
Hibernate: insert into seat (concert_id,concert_schedule_id,price,seat_no,seat_status,temp_reserved_expired_at,temp_reserved_user_id) values (?,?,?,?,?,?,?)
Hibernate: insert into seat (concert_id,concert_schedule_id,price,seat_no,seat_status,temp_reserved_expired_at,temp_reserved_user_id) values (?,?,?,?,?,?,?)
Hibernate: insert into seat (concert_id,concert_schedule_id,price,seat_no,seat_status,temp_reserved_expired_at,temp_reserved_user_id) values (?,?,?,?,?,?,?)
Hibernate: select s1_0.seat_no from seat s1_0 join concert_schedule cs1_0 on cs1_0.concert_schedule_id=s1_0.concert_schedule_id where cs1_0.concert_id=? and cs1_0.concert_date=? and s1_0.seat_status=? order by s1_0.seat_no
]]></system-out>
  <system-err><![CDATA[]]></system-err>
</testsuite>
