<?xml version="1.0" encoding="UTF-8"?>
<testsuite name="com.tdd.concert.api.usecase.ValidateTokenIntegrationTest" tests="4" skipped="0" failures="0" errors="0" timestamp="2024-04-27T15:50:18" hostname="Jeongui-MacBookPro.local" time="0.101">
  <properties/>
  <testcase name="유효한 토큰인 경우" classname="com.tdd.concert.api.usecase.ValidateTokenIntegrationTest" time="0.017"/>
  <testcase name="존재하지 않는 토큰인 경우 오류 발생." classname="com.tdd.concert.api.usecase.ValidateTokenIntegrationTest" time="0.02"/>
  <testcase name="만료시각이 지난 토큰의 경우 오류 발생." classname="com.tdd.concert.api.usecase.ValidateTokenIntegrationTest" time="0.031"/>
  <testcase name="예약이 완료되어 만료된 토큰인 경우 오류 발생" classname="com.tdd.concert.api.usecase.ValidateTokenIntegrationTest" time="0.027"/>
  <system-out><![CDATA[2024-04-28T00:50:18.179+09:00  INFO 6651 --- [concert-dev] [    Test worker] t.c.s.AnnotationConfigContextLoaderUtils : Could not detect default configuration classes for test class [com.tdd.concert.api.usecase.ValidateTokenIntegrationTest]: ValidateTokenIntegrationTest does not declare any static, non-private, non-final, nested classes annotated with @Configuration.
2024-04-28T00:50:18.181+09:00  INFO 6651 --- [concert-dev] [    Test worker] .b.t.c.SpringBootTestContextBootstrapper : Found @SpringBootConfiguration com.tdd.concert.ConcertApplication for test class com.tdd.concert.api.usecase.ValidateTokenIntegrationTest
Hibernate: 
    insert 
    into
        user
        (point, token, user_id) 
    values
        (?, ?, default)
2024-04-28T00:50:18.189+09:00  INFO 6651 --- [concert-dev] [    Test worker] c.t.c.d.token.component.TokenGenerator   : [토큰 생성] UUID 토큰 : a3f390d8-8e4c-31f2-b47b-fa2f1b5f87db, 사용자ID : 68
Hibernate: 
    select
        (coalesce(max(t1_0.wait_no), 0)+1) 
    from
        token t1_0
Hibernate: 
    select
        coalesce(count(t1_0.progress_status), 0) 
    from
        token t1_0 
    where
        t1_0.progress_status=?
2024-04-28T00:50:18.192+09:00  INFO 6651 --- [concert-dev] [    Test worker] c.t.c.d.token.component.TokenReader      : [getCurrentQueueStatus] 예약 진행중인 고객수 : 3
Hibernate: 
    insert 
    into
        token
        (created_at, expired_at, progress_status, token, updated_at, user_id, wait_no, token_id) 
    values
        (?, ?, ?, ?, ?, ?, ?, default)
Hibernate: 
    update
        user 
    set
        point=?,
        token=? 
    where
        user_id=?
Hibernate: 
    select
        t1_0.token_id,
        t1_0.created_at,
        t1_0.expired_at,
        t1_0.progress_status,
        t1_0.token,
        t1_0.updated_at,
        t1_0.user_id,
        t1_0.wait_no 
    from
        token t1_0 
    where
        t1_0.token=?
Hibernate: 
    select
        u1_0.user_id,
        u1_0.point,
        u1_0.token 
    from
        user u1_0 
    where
        u1_0.user_id=?
Hibernate: 
    insert 
    into
        user
        (point, token, user_id) 
    values
        (?, ?, default)
2024-04-28T00:50:18.209+09:00  INFO 6651 --- [concert-dev] [    Test worker] c.t.c.d.token.component.TokenGenerator   : [토큰 생성] UUID 토큰 : 14bfa6bb-1487-3e45-bba0-28a21ed38046, 사용자ID : 69
Hibernate: 
    select
        (coalesce(max(t1_0.wait_no), 0)+1) 
    from
        token t1_0
Hibernate: 
    select
        coalesce(count(t1_0.progress_status), 0) 
    from
        token t1_0 
    where
        t1_0.progress_status=?
2024-04-28T00:50:18.213+09:00  INFO 6651 --- [concert-dev] [    Test worker] c.t.c.d.token.component.TokenReader      : [getCurrentQueueStatus] 예약 진행중인 고객수 : 4
Hibernate: 
    insert 
    into
        token
        (created_at, expired_at, progress_status, token, updated_at, user_id, wait_no, token_id) 
    values
        (?, ?, ?, ?, ?, ?, ?, default)
Hibernate: 
    update
        user 
    set
        point=?,
        token=? 
    where
        user_id=?
Hibernate: 
    select
        t1_0.token_id,
        t1_0.created_at,
        t1_0.expired_at,
        t1_0.progress_status,
        t1_0.token,
        t1_0.updated_at,
        t1_0.user_id,
        t1_0.wait_no 
    from
        token t1_0 
    where
        t1_0.token=?
Hibernate: 
    insert 
    into
        user
        (point, token, user_id) 
    values
        (?, ?, default)
2024-04-28T00:50:18.230+09:00  INFO 6651 --- [concert-dev] [    Test worker] c.t.c.d.token.component.TokenGenerator   : [토큰 생성] UUID 토큰 : 7cbbc409-ec99-3f19-878c-75bd1e06f215, 사용자ID : 70
Hibernate: 
    select
        (coalesce(max(t1_0.wait_no), 0)+1) 
    from
        token t1_0
Hibernate: 
    select
        coalesce(count(t1_0.progress_status), 0) 
    from
        token t1_0 
    where
        t1_0.progress_status=?
2024-04-28T00:50:18.234+09:00  INFO 6651 --- [concert-dev] [    Test worker] c.t.c.d.token.component.TokenReader      : [getCurrentQueueStatus] 예약 진행중인 고객수 : 5
Hibernate: 
    insert 
    into
        token
        (created_at, expired_at, progress_status, token, updated_at, user_id, wait_no, token_id) 
    values
        (?, ?, ?, ?, ?, ?, ?, default)
Hibernate: 
    update
        user 
    set
        point=?,
        token=? 
    where
        user_id=?
Hibernate: 
    select
        t1_0.token_id,
        t1_0.created_at,
        t1_0.expired_at,
        t1_0.progress_status,
        t1_0.token,
        t1_0.updated_at,
        t1_0.user_id,
        t1_0.wait_no 
    from
        token t1_0 
    where
        t1_0.token=?
Hibernate: 
    select
        u1_0.user_id,
        u1_0.point,
        u1_0.token 
    from
        user u1_0 
    where
        u1_0.user_id=?
Hibernate: 
    select
        t1_0.token_id,
        t1_0.created_at,
        t1_0.expired_at,
        t1_0.progress_status,
        t1_0.token,
        t1_0.updated_at,
        u1_0.user_id,
        u1_0.point,
        u1_0.token,
        t1_0.wait_no 
    from
        token t1_0 
    left join
        user u1_0 
            on u1_0.user_id=t1_0.user_id 
    where
        t1_0.token_id=?
Hibernate: 
    update
        token 
    set
        created_at=?,
        expired_at=?,
        progress_status=?,
        token=?,
        updated_at=?,
        user_id=?,
        wait_no=? 
    where
        token_id=?
Hibernate: 
    select
        t1_0.token_id,
        t1_0.created_at,
        t1_0.expired_at,
        t1_0.progress_status,
        t1_0.token,
        t1_0.updated_at,
        t1_0.user_id,
        t1_0.wait_no 
    from
        token t1_0 
    where
        t1_0.token=?
Hibernate: 
    select
        u1_0.user_id,
        u1_0.point,
        u1_0.token 
    from
        user u1_0 
    where
        u1_0.user_id=?
Hibernate: 
    insert 
    into
        user
        (point, token, user_id) 
    values
        (?, ?, default)
2024-04-28T00:50:18.264+09:00  INFO 6651 --- [concert-dev] [    Test worker] c.t.c.d.token.component.TokenGenerator   : [토큰 생성] UUID 토큰 : e2c420d9-28d4-3f8c-a0ff-2ec19b371514, 사용자ID : 71
Hibernate: 
    select
        (coalesce(max(t1_0.wait_no), 0)+1) 
    from
        token t1_0
Hibernate: 
    select
        coalesce(count(t1_0.progress_status), 0) 
    from
        token t1_0 
    where
        t1_0.progress_status=?
2024-04-28T00:50:18.268+09:00  INFO 6651 --- [concert-dev] [    Test worker] c.t.c.d.token.component.TokenReader      : [getCurrentQueueStatus] 예약 진행중인 고객수 : 6
Hibernate: 
    insert 
    into
        token
        (created_at, expired_at, progress_status, token, updated_at, user_id, wait_no, token_id) 
    values
        (?, ?, ?, ?, ?, ?, ?, default)
Hibernate: 
    update
        user 
    set
        point=?,
        token=? 
    where
        user_id=?
Hibernate: 
    select
        t1_0.token_id,
        t1_0.created_at,
        t1_0.expired_at,
        t1_0.progress_status,
        t1_0.token,
        t1_0.updated_at,
        t1_0.user_id,
        t1_0.wait_no 
    from
        token t1_0 
    where
        t1_0.token=?
Hibernate: 
    select
        u1_0.user_id,
        u1_0.point,
        u1_0.token 
    from
        user u1_0 
    where
        u1_0.user_id=?
Hibernate: 
    select
        t1_0.token_id,
        t1_0.created_at,
        t1_0.expired_at,
        t1_0.progress_status,
        t1_0.token,
        t1_0.updated_at,
        u1_0.user_id,
        u1_0.point,
        u1_0.token,
        t1_0.wait_no 
    from
        token t1_0 
    left join
        user u1_0 
            on u1_0.user_id=t1_0.user_id 
    where
        t1_0.token_id=?
Hibernate: 
    update
        token 
    set
        created_at=?,
        expired_at=?,
        progress_status=?,
        token=?,
        updated_at=?,
        user_id=?,
        wait_no=? 
    where
        token_id=?
Hibernate: 
    select
        t1_0.token_id,
        t1_0.created_at,
        t1_0.expired_at,
        t1_0.progress_status,
        t1_0.token,
        t1_0.updated_at,
        t1_0.user_id,
        t1_0.wait_no 
    from
        token t1_0 
    where
        t1_0.token=?
Hibernate: 
    select
        u1_0.user_id,
        u1_0.point,
        u1_0.token 
    from
        user u1_0 
    where
        u1_0.user_id=?
]]></system-out>
  <system-err><![CDATA[]]></system-err>
</testsuite>
