<?xml version="1.0" encoding="UTF-8"?>
<testsuite name="com.tdd.concert.reservation.component.ReservationValidatorTest" tests="2" skipped="0" failures="0" errors="0" timestamp="2024-04-16T14:14:16" hostname="Jeongui-MacBookPro.local" time="0.15">
  <properties/>
  <testcase name="[예약검증] User가 존재하지 않는 경우 오류" classname="com.tdd.concert.reservation.component.ReservationValidatorTest" time="0.136"/>
  <testcase name="[예약검증] 콘서트가 존재하지 않는 경우 오류" classname="com.tdd.concert.reservation.component.ReservationValidatorTest" time="0.009"/>
  <system-out><![CDATA[2024-04-16T23:14:17.018+09:00  INFO 4563 --- [concert] [    Test worker] c.t.c.d.r.c.ReservationValidator         : [ReservationValidator] validate 메서드 시작
2024-04-16T23:14:17.032+09:00  INFO 4563 --- [concert] [    Test worker] c.t.c.d.r.c.ReservationValidator         : [ReservationValidator] validate 메서드 시작
]]></system-out>
  <system-err><![CDATA[]]></system-err>
</testsuite>
