<?xml version="1.0" encoding="UTF-8"?>
<testsuite name="com.tdd.concert.ConcertApplicationTests" tests="1" skipped="0" failures="0" errors="0" timestamp="2024-03-31T04:17:52" hostname="192.168.nate.com" time="0.988">
  <properties/>
  <testcase name="contextLoads()" classname="com.tdd.concert.ConcertApplicationTests" time="0.988"/>
  <system-out><![CDATA[13:17:50.918 [Test worker] INFO org.springframework.test.context.support.AnnotationConfigContextLoaderUtils -- Could not detect default configuration classes for test class [com.tdd.concert.ConcertApplicationTests]: ConcertApplicationTests does not declare any static, non-private, non-final, nested classes annotated with @Configuration.
13:17:51.039 [Test worker] INFO org.springframework.boot.test.context.SpringBootTestContextBootstrapper -- Found @SpringBootConfiguration com.tdd.concert.ConcertApplication for test class com.tdd.concert.ConcertApplicationTests

  .   ____          _            __ _ _
 /\\ / ___'_ __ _ _(_)_ __  __ _ \ \ \ \
( ( )\___ | '_ | '_| | '_ \/ _` | \ \ \ \
 \\/  ___)| |_)| | | | | || (_| |  ) ) ) )
  '  |____| .__|_| |_|_| |_\__, | / / / /
 =========|_|==============|___/=/_/_/_/
 :: Spring Boot ::                (v3.2.4)

2024-03-31T13:17:51.460+09:00  INFO 11283 --- [concert] [    Test worker] c.tdd.concert.ConcertApplicationTests    : Starting ConcertApplicationTests using Java 17.0.10 with PID 11283 (started by jeonghokang in /Users/jeonghokang/IdeaProjects/hhplus/week3)
2024-03-31T13:17:51.462+09:00  INFO 11283 --- [concert] [    Test worker] c.tdd.concert.ConcertApplicationTests    : No active profile set, falling back to 1 default profile: "default"
2024-03-31T13:17:51.994+09:00  INFO 11283 --- [concert] [    Test worker] c.tdd.concert.ConcertApplicationTests    : Started ConcertApplicationTests in 0.8 seconds (process running for 2.03)
]]></system-out>
  <system-err><![CDATA[]]></system-err>
</testsuite>
