<?xml version="1.0" encoding="UTF-8"?>
<testsuite name="com.tdd.concert.ConcertApplicationTests" tests="1" skipped="0" failures="0" errors="0" timestamp="2024-04-27T15:50:18" hostname="Jeongui-MacBookPro.local" time="0.004">
  <properties/>
  <testcase name="contextLoads()" classname="com.tdd.concert.ConcertApplicationTests" time="0.004"/>
  <system-out><![CDATA[2024-04-28T00:50:18.292+09:00  INFO 6651 --- [concert-dev] [    Test worker] t.c.s.AnnotationConfigContextLoaderUtils : Could not detect default configuration classes for test class [com.tdd.concert.ConcertApplicationTests]: ConcertApplicationTests does not declare any static, non-private, non-final, nested classes annotated with @Configuration.
2024-04-28T00:50:18.311+09:00  INFO 6651 --- [concert-dev] [    Test worker] .b.t.c.SpringBootTestContextBootstrapper : Found @SpringBootConfiguration com.tdd.concert.ConcertApplication for test class com.tdd.concert.ConcertApplicationTests
]]></system-out>
  <system-err><![CDATA[]]></system-err>
</testsuite>
