<?xml version="1.0" encoding="UTF-8"?>
<testsuite name="com.tdd.concert.api.usecase.GetPointIntegrationTest" tests="2" skipped="0" failures="0" errors="0" timestamp="2024-04-27T15:50:17" hostname="Jeongui-MacBookPro.local" time="0.029">
  <properties/>
  <testcase name="유저의 포인트를 조회한다" classname="com.tdd.concert.api.usecase.GetPointIntegrationTest" time="0.017"/>
  <testcase name="존재하지 않는 유저의 포인트 조회" classname="com.tdd.concert.api.usecase.GetPointIntegrationTest" time="0.01"/>
  <system-out><![CDATA[2024-04-28T00:50:17.405+09:00  INFO 6651 --- [concert-dev] [    Test worker] t.c.s.AnnotationConfigContextLoaderUtils : Could not detect default configuration classes for test class [com.tdd.concert.api.usecase.GetPointIntegrationTest]: GetPointIntegrationTest does not declare any static, non-private, non-final, nested classes annotated with @Configuration.
2024-04-28T00:50:17.407+09:00  INFO 6651 --- [concert-dev] [    Test worker] .b.t.c.SpringBootTestContextBootstrapper : Found @SpringBootConfiguration com.tdd.concert.ConcertApplication for test class com.tdd.concert.api.usecase.GetPointIntegrationTest
Hibernate: 
    insert 
    into
        user
        (point, token, user_id) 
    values
        (?, ?, default)
Hibernate: 
    select
        u1_0.user_id,
        u1_0.point,
        u1_0.token 
    from
        user u1_0 
    where
        u1_0.user_id=?
Hibernate: 
    update
        user 
    set
        point=?,
        token=? 
    where
        user_id=?
Hibernate: 
    select
        u1_0.user_id,
        u1_0.point,
        u1_0.token 
    from
        user u1_0 
    where
        u1_0.user_id=?
Hibernate: 
    insert 
    into
        user
        (point, token, user_id) 
    values
        (?, ?, default)
Hibernate: 
    select
        u1_0.user_id,
        u1_0.point,
        u1_0.token 
    from
        user u1_0 
    where
        u1_0.user_id=?
]]></system-out>
  <system-err><![CDATA[]]></system-err>
</testsuite>
